2024-10-23 07:10:08.544 [info] Extension host with pid 2401 started
2024-10-23 07:10:09.151 [info] ExtensionService#_doActivateExtension vscode.git-base, startup: true, activationEvent: '*', root cause: vscode.git
2024-10-23 07:10:09.591 [info] ExtensionService#_doActivateExtension vscode.git, startup: true, activationEvent: '*'
2024-10-23 07:10:09.922 [info] ExtensionService#_doActivateExtension vscode.github, startup: true, activationEvent: '*'
2024-10-23 07:10:10.393 [info] Eager extensions activated
2024-10-23 07:10:10.479 [info] ExtensionService#_doActivateExtension vscode.debug-auto-launch, startup: false, activationEvent: 'onStartupFinished'
2024-10-23 07:10:10.482 [info] ExtensionService#_doActivateExtension vscode.merge-conflict, startup: false, activationEvent: 'onStartupFinished'
2024-10-23 07:10:10.589 [info] ExtensionService#_doActivateExtension unthrottled.doki-theme, startup: false, activationEvent: 'onStartupFinished'
2024-10-23 07:10:20.503 [info] Extension host terminating: renderer closed the MessagePort
2024-10-23 07:10:20.544 [info] Extension host with pid 2401 exiting with code 0
2024-10-23 07:10:24.064 [info] Extension host with pid 2506 started
2024-10-23 07:10:24.064 [info] Skipping acquiring lock for /home/uczen/.config/Code/User/workspaceStorage/2deb2b03123fa3190613e634c7659dbc.
2024-10-23 07:10:24.447 [info] ExtensionService#_doActivateExtension vscode.git-base, startup: true, activationEvent: '*'
2024-10-23 07:10:24.748 [info] ExtensionService#_doActivateExtension vscode.github, startup: true, activationEvent: '*'
2024-10-23 07:10:24.941 [info] Eager extensions activated
2024-10-23 07:10:25.099 [info] ExtensionService#_doActivateExtension vscode.debug-auto-launch, startup: false, activationEvent: 'onStartupFinished'
2024-10-23 07:10:25.106 [info] ExtensionService#_doActivateExtension vscode.merge-conflict, startup: false, activationEvent: 'onStartupFinished'
2024-10-23 07:10:25.162 [info] ExtensionService#_doActivateExtension unthrottled.doki-theme, startup: false, activationEvent: 'onStartupFinished'
2024-10-23 07:10:36.708 [info] ExtensionService#_doActivateExtension vscode.git, startup: false, activationEvent: 'api', root cause: vscode.github
2024-10-23 07:10:52.703 [info] ExtensionService#_doActivateExtension vscode.emmet, startup: false, activationEvent: 'onLanguage'
