2024-10-23 07:10:10.420 [info] [main] Log level: Info
2024-10-23 07:10:10.421 [info] [main] Validating found git in: "git"
2024-10-23 07:10:10.421 [info] [main] Using git "2.34.1" from "git"
2024-10-23 07:10:10.421 [info] [Model][doInitialScan] Initial repository scan started
2024-10-23 07:10:10.421 [info] [Model][doInitialScan] Initial repository scan completed - repositories (0), closed repositories (0), parent repositories (0), unsafe repositories (0)
2024-10-23 07:10:37.019 [info] [main] Log level: Info
2024-10-23 07:10:37.019 [info] [main] Validating found git in: "git"
2024-10-23 07:10:37.019 [info] [main] Using git "2.34.1" from "git"
2024-10-23 07:10:37.019 [info] [Model][doInitialScan] Initial repository scan started
2024-10-23 07:10:37.019 [info] > git rev-parse --show-toplevel [14ms]
2024-10-23 07:10:37.035 [info] > git rev-parse --show-toplevel [4ms]
2024-10-23 07:10:37.063 [info] > git rev-parse --show-toplevel [13ms]
2024-10-23 07:10:37.077 [info] > git rev-parse --show-toplevel [8ms]
2024-10-23 07:10:37.091 [info] > git rev-parse --show-toplevel [6ms]
2024-10-23 07:10:37.104 [info] > git rev-parse --show-toplevel [4ms]
2024-10-23 07:10:37.115 [info] > git rev-parse --show-toplevel [1ms]
2024-10-23 07:10:37.127 [info] > git rev-parse --show-toplevel [3ms]
2024-10-23 07:10:37.133 [info] > git rev-parse --show-toplevel [2ms]
2024-10-23 07:10:37.155 [info] > git rev-parse --show-toplevel [7ms]
2024-10-23 07:10:37.164 [info] [Model][doInitialScan] Initial repository scan completed - repositories (0), closed repositories (0), parent repositories (1), unsafe repositories (0)
2024-10-23 07:10:52.506 [info] > git rev-parse --show-toplevel [3ms]
2024-10-23 07:11:15.768 [info] > git rev-parse --show-toplevel [4ms]
