2024-10-23 07:10:04.427 [info] Added views:outline in workbench.view.explorer
2024-10-23 07:10:04.427 [info] Added views:workbench.view.search in workbench.view.search
2024-10-23 07:10:04.427 [info] Added views:workbench.scm in workbench.view.scm
2024-10-23 07:10:04.427 [info] Added views:workbench.panel.markers.view in workbench.panel.markers
2024-10-23 07:10:04.427 [info] Added views:workbench.panel.output in workbench.panel.output
2024-10-23 07:10:04.427 [info] Added views:terminal in terminal
2024-10-23 07:10:04.427 [info] Added views:timeline in workbench.view.explorer
2024-10-23 07:10:04.427 [info] Added views:workbench.explorer.emptyView in workbench.view.explorer
2024-10-23 07:10:07.451 [info] Added views:workbench.debug.variablesView,workbench.debug.watchExpressionsView,workbench.debug.callStackView,workbench.debug.breakPointsView in workbench.view.debug
2024-10-23 07:10:08.638 [info] Added views:~remote.forwardedPorts in ~remote.forwardedPortsContainer
2024-10-23 07:10:09.094 [info] Added views:workbench.panel.repl.view in workbench.panel.repl
2024-10-23 07:10:09.096 [info] Removed views:workbench.debug.breakPointsView,workbench.debug.callStackView,workbench.debug.watchExpressionsView,workbench.debug.variablesView from workbench.view.debug
2024-10-23 07:10:09.132 [info] Added views:workbench.debug.welcome in workbench.view.debug
2024-10-23 07:10:21.771 [info] Added views:outline in workbench.view.explorer
2024-10-23 07:10:21.771 [info] Added views:workbench.view.search in workbench.view.search
2024-10-23 07:10:21.771 [info] Added views:workbench.scm in workbench.view.scm
2024-10-23 07:10:21.771 [info] Added views:workbench.panel.markers.view in workbench.panel.markers
2024-10-23 07:10:21.771 [info] Added views:workbench.panel.output in workbench.panel.output
2024-10-23 07:10:21.771 [info] Added views:terminal in terminal
2024-10-23 07:10:21.771 [info] Added views:timeline in workbench.view.explorer
2024-10-23 07:10:21.771 [info] Added views:workbench.explorer.fileView in workbench.view.explorer
2024-10-23 07:10:24.341 [info] Added views:workbench.debug.variablesView,workbench.debug.watchExpressionsView,workbench.debug.callStackView,workbench.debug.breakPointsView in workbench.view.debug
2024-10-23 07:10:24.442 [info] Added views:workbench.panel.repl.view in workbench.panel.repl
2024-10-23 07:10:24.444 [info] Removed views:workbench.debug.breakPointsView,workbench.debug.callStackView,workbench.debug.watchExpressionsView,workbench.debug.variablesView from workbench.view.debug
2024-10-23 07:10:24.445 [info] Added views:workbench.debug.welcome in workbench.view.debug
2024-10-23 07:10:25.945 [info] Added views:~remote.forwardedPorts in ~remote.forwardedPortsContainer
2024-10-23 07:10:56.776 [info] Added views:workbench.views.extensions.installed,workbench.views.extensions.popular,extensions.recommendedList in workbench.view.extensions
2024-10-23 07:10:56.779 [info] Removed views:workbench.views.extensions.popular from workbench.view.extensions
